[22:57:33] [ServerMain/INFO]: Environment: authHost='https://authserver.mojang.com', accountsHost='https://api.mojang.com', sessionHost='https://sessionserver.mojang.com', servicesHost='https://api.minecraftservices.com', name='PROD'
[22:57:35] [Worker-Main-21/INFO]: Loaded 7 recipes
[22:57:38] [Server thread/INFO]: Starting minecraft server version 1.18.2
[22:57:38] [Server thread/INFO]: Loading properties
[22:57:38] [Server thread/INFO]: This server is running CraftBukkit version 3484-Spigot-b6d12d1-7bc728a (MC: 1.18.2) (Implementing API version 1.18.2-R0.1-SNAPSHOT)
[22:57:38] [Server thread/INFO]: Debug logging is disabled
[22:57:38] [Server thread/INFO]: Server Ping Player Sample Count: 12
[22:57:38] [Server thread/INFO]: Using 4 threads for Netty based IO
[22:57:38] [Server thread/INFO]: Default game type: SURVIVAL
[22:57:38] [Server thread/INFO]: Generating keypair
[22:57:38] [Server thread/INFO]: Starting Minecraft server on *:25565
[22:57:39] [Server thread/INFO]: Using default channel type
[22:57:39] [Server thread/WARN]: Initializing Legacy Material Support. Unless you have legacy plugins and/or data this is a bug!
[22:57:43] [Server thread/WARN]: Legacy plugin TestPlugin v0.2 does not specify an api-version.
[22:57:43] [Server thread/INFO]: [TestPlugin] Loading TestPlugin v0.2
[22:57:43] [Server thread/INFO]: Preparing level "world"
[22:57:43] [Server thread/INFO]: -------- World Settings For [world] --------
[22:57:43] [Server thread/INFO]: Allow Zombie Pigmen to spawn from portal blocks: true
[22:57:43] [Server thread/INFO]: Item Despawn Rate: 6000
[22:57:43] [Server thread/INFO]: Item Merge Radius: 2.5
[22:57:43] [Server thread/INFO]: View Distance: 10
[22:57:43] [Server thread/INFO]: Simulation Distance: 10
[22:57:43] [Server thread/INFO]: Mob Spawn Range: 6
[22:57:43] [Server thread/INFO]: Experience Merge Radius: 3.0
[22:57:43] [Server thread/INFO]: Cactus Growth Modifier: 100%
[22:57:43] [Server thread/INFO]: Cane Growth Modifier: 100%
[22:57:43] [Server thread/INFO]: Melon Growth Modifier: 100%
[22:57:43] [Server thread/INFO]: Mushroom Growth Modifier: 100%
[22:57:43] [Server thread/INFO]: Pumpkin Growth Modifier: 100%
[22:57:43] [Server thread/INFO]: Sapling Growth Modifier: 100%
[22:57:43] [Server thread/INFO]: Beetroot Growth Modifier: 100%
[22:57:43] [Server thread/INFO]: Carrot Growth Modifier: 100%
[22:57:43] [Server thread/INFO]: Potato Growth Modifier: 100%
[22:57:43] [Server thread/INFO]: Wheat Growth Modifier: 100%
[22:57:43] [Server thread/INFO]: NetherWart Growth Modifier: 100%
[22:57:43] [Server thread/INFO]: Vine Growth Modifier: 100%
[22:57:43] [Server thread/INFO]: Cocoa Growth Modifier: 100%
[22:57:43] [Server thread/INFO]: Bamboo Growth Modifier: 100%
[22:57:43] [Server thread/INFO]: SweetBerry Growth Modifier: 100%
[22:57:43] [Server thread/INFO]: Kelp Growth Modifier: 100%
[22:57:43] [Server thread/INFO]: Entity Tracking Range: Pl 48 / An 48 / Mo 48 / Mi 32 / Other 64
[22:57:43] [Server thread/INFO]: Entity Activation Range: An 32 / Mo 32 / Ra 48 / Mi 16 / Tiv true / Isa false
[22:57:43] [Server thread/INFO]: Custom Map Seeds:  Village: 10387312 Desert: 14357617 Igloo: 14357618 Jungle: 14357619 Swamp: 14357620 Monument: 10387313 Ocean: 14357621 Shipwreck: 165745295 End City: 10387313 Slime: 987234911 Nether: 30084232 Mansion: 10387319 Fossil: 14357921 Portal: 34222645
[22:57:43] [Server thread/INFO]: Hopper Transfer: 8 Hopper Check: 1 Hopper Amount: 1
[22:57:43] [Server thread/INFO]: Tile Max Tick Time: 50ms Entity max Tick Time: 50ms
[22:57:43] [Server thread/INFO]: Max TNT Explosions: 100
[22:57:43] [Server thread/INFO]: Nerfing mobs spawned from spawners: false
[22:57:43] [Server thread/INFO]: Arrow Despawn Rate: 1200 Trident Respawn Rate:1200
[22:57:43] [Server thread/INFO]: Zombie Aggressive Towards Villager: true
[22:57:44] [Server thread/INFO]: -------- World Settings For [world_nether] --------
[22:57:44] [Server thread/INFO]: Allow Zombie Pigmen to spawn from portal blocks: true
[22:57:44] [Server thread/INFO]: Item Despawn Rate: 6000
[22:57:44] [Server thread/INFO]: Item Merge Radius: 2.5
[22:57:44] [Server thread/INFO]: View Distance: 10
[22:57:44] [Server thread/INFO]: Simulation Distance: 10
[22:57:44] [Server thread/INFO]: Mob Spawn Range: 6
[22:57:44] [Server thread/INFO]: Experience Merge Radius: 3.0
[22:57:44] [Server thread/INFO]: Cactus Growth Modifier: 100%
[22:57:44] [Server thread/INFO]: Cane Growth Modifier: 100%
[22:57:44] [Server thread/INFO]: Melon Growth Modifier: 100%
[22:57:44] [Server thread/INFO]: Mushroom Growth Modifier: 100%
[22:57:44] [Server thread/INFO]: Pumpkin Growth Modifier: 100%
[22:57:44] [Server thread/INFO]: Sapling Growth Modifier: 100%
[22:57:44] [Server thread/INFO]: Beetroot Growth Modifier: 100%
[22:57:44] [Server thread/INFO]: Carrot Growth Modifier: 100%
[22:57:44] [Server thread/INFO]: Potato Growth Modifier: 100%
[22:57:44] [Server thread/INFO]: Wheat Growth Modifier: 100%
[22:57:44] [Server thread/INFO]: NetherWart Growth Modifier: 100%
[22:57:44] [Server thread/INFO]: Vine Growth Modifier: 100%
[22:57:44] [Server thread/INFO]: Cocoa Growth Modifier: 100%
[22:57:44] [Server thread/INFO]: Bamboo Growth Modifier: 100%
[22:57:44] [Server thread/INFO]: SweetBerry Growth Modifier: 100%
[22:57:44] [Server thread/INFO]: Kelp Growth Modifier: 100%
[22:57:44] [Server thread/INFO]: Entity Tracking Range: Pl 48 / An 48 / Mo 48 / Mi 32 / Other 64
[22:57:44] [Server thread/INFO]: Entity Activation Range: An 32 / Mo 32 / Ra 48 / Mi 16 / Tiv true / Isa false
[22:57:44] [Server thread/INFO]: Custom Map Seeds:  Village: 10387312 Desert: 14357617 Igloo: 14357618 Jungle: 14357619 Swamp: 14357620 Monument: 10387313 Ocean: 14357621 Shipwreck: 165745295 End City: 10387313 Slime: 987234911 Nether: 30084232 Mansion: 10387319 Fossil: 14357921 Portal: 34222645
[22:57:44] [Server thread/INFO]: Hopper Transfer: 8 Hopper Check: 1 Hopper Amount: 1
[22:57:44] [Server thread/INFO]: Tile Max Tick Time: 50ms Entity max Tick Time: 50ms
[22:57:44] [Server thread/INFO]: Max TNT Explosions: 100
[22:57:44] [Server thread/INFO]: Nerfing mobs spawned from spawners: false
[22:57:44] [Server thread/INFO]: Arrow Despawn Rate: 1200 Trident Respawn Rate:1200
[22:57:44] [Server thread/INFO]: Zombie Aggressive Towards Villager: true
[22:57:44] [Server thread/INFO]: -------- World Settings For [world_the_end] --------
[22:57:44] [Server thread/INFO]: Allow Zombie Pigmen to spawn from portal blocks: true
[22:57:44] [Server thread/INFO]: Item Despawn Rate: 6000
[22:57:44] [Server thread/INFO]: Item Merge Radius: 2.5
[22:57:44] [Server thread/INFO]: View Distance: 10
[22:57:44] [Server thread/INFO]: Simulation Distance: 10
[22:57:44] [Server thread/INFO]: Mob Spawn Range: 6
[22:57:44] [Server thread/INFO]: Experience Merge Radius: 3.0
[22:57:44] [Server thread/INFO]: Cactus Growth Modifier: 100%
[22:57:44] [Server thread/INFO]: Cane Growth Modifier: 100%
[22:57:44] [Server thread/INFO]: Melon Growth Modifier: 100%
[22:57:44] [Server thread/INFO]: Mushroom Growth Modifier: 100%
[22:57:44] [Server thread/INFO]: Pumpkin Growth Modifier: 100%
[22:57:44] [Server thread/INFO]: Sapling Growth Modifier: 100%
[22:57:44] [Server thread/INFO]: Beetroot Growth Modifier: 100%
[22:57:44] [Server thread/INFO]: Carrot Growth Modifier: 100%
[22:57:44] [Server thread/INFO]: Potato Growth Modifier: 100%
[22:57:44] [Server thread/INFO]: Wheat Growth Modifier: 100%
[22:57:44] [Server thread/INFO]: NetherWart Growth Modifier: 100%
[22:57:44] [Server thread/INFO]: Vine Growth Modifier: 100%
[22:57:44] [Server thread/INFO]: Cocoa Growth Modifier: 100%
[22:57:44] [Server thread/INFO]: Bamboo Growth Modifier: 100%
[22:57:44] [Server thread/INFO]: SweetBerry Growth Modifier: 100%
[22:57:44] [Server thread/INFO]: Kelp Growth Modifier: 100%
[22:57:44] [Server thread/INFO]: Entity Tracking Range: Pl 48 / An 48 / Mo 48 / Mi 32 / Other 64
[22:57:44] [Server thread/INFO]: Entity Activation Range: An 32 / Mo 32 / Ra 48 / Mi 16 / Tiv true / Isa false
[22:57:44] [Server thread/INFO]: Custom Map Seeds:  Village: 10387312 Desert: 14357617 Igloo: 14357618 Jungle: 14357619 Swamp: 14357620 Monument: 10387313 Ocean: 14357621 Shipwreck: 165745295 End City: 10387313 Slime: 987234911 Nether: 30084232 Mansion: 10387319 Fossil: 14357921 Portal: 34222645
[22:57:44] [Server thread/INFO]: Hopper Transfer: 8 Hopper Check: 1 Hopper Amount: 1
[22:57:44] [Server thread/INFO]: Tile Max Tick Time: 50ms Entity max Tick Time: 50ms
[22:57:44] [Server thread/INFO]: Max TNT Explosions: 100
[22:57:44] [Server thread/INFO]: Nerfing mobs spawned from spawners: false
[22:57:44] [Server thread/INFO]: Arrow Despawn Rate: 1200 Trident Respawn Rate:1200
[22:57:44] [Server thread/INFO]: Zombie Aggressive Towards Villager: true
[22:57:44] [Server thread/INFO]: Preparing start region for dimension minecraft:overworld
[22:57:45] [Worker-Main-28/INFO]: Preparing spawn area: 0%
[22:57:45] [Worker-Main-26/INFO]: Preparing spawn area: 0%
[22:57:45] [Worker-Main-26/INFO]: Preparing spawn area: 0%
[22:57:45] [Worker-Main-30/INFO]: Preparing spawn area: 0%
[22:57:46] [Worker-Main-29/INFO]: Preparing spawn area: 0%
[22:57:46] [Worker-Main-26/INFO]: Preparing spawn area: 0%
[22:57:47] [Worker-Main-17/INFO]: Preparing spawn area: 0%
[22:57:47] [Worker-Main-18/INFO]: Preparing spawn area: 0%
[22:57:48] [Worker-Main-19/INFO]: Preparing spawn area: 10%
[22:57:48] [Worker-Main-28/INFO]: Preparing spawn area: 30%
[22:57:49] [Worker-Main-22/INFO]: Preparing spawn area: 47%
[22:57:49] [Worker-Main-18/INFO]: Preparing spawn area: 54%
[22:57:50] [Server thread/INFO]: Time elapsed: 5886 ms
[22:57:50] [Server thread/INFO]: Preparing start region for dimension minecraft:the_nether
[22:57:51] [Worker-Main-17/INFO]: Preparing spawn area: 0%
[22:57:51] [Worker-Main-17/INFO]: Preparing spawn area: 0%
[22:57:51] [Worker-Main-30/INFO]: Preparing spawn area: 0%
[22:57:51] [Worker-Main-22/INFO]: Preparing spawn area: 0%
[22:57:52] [Worker-Main-22/INFO]: Preparing spawn area: 2%
[22:57:52] [Worker-Main-20/INFO]: Preparing spawn area: 6%
[22:57:53] [Worker-Main-29/INFO]: Preparing spawn area: 44%
[22:57:53] [Server thread/INFO]: Time elapsed: 3350 ms
[22:57:53] [Server thread/INFO]: Preparing start region for dimension minecraft:the_end
[22:57:54] [Worker-Main-28/INFO]: Preparing spawn area: 0%
[22:57:54] [Worker-Main-28/INFO]: Preparing spawn area: 0%
[22:57:54] [Worker-Main-21/INFO]: Preparing spawn area: 0%
[22:57:55] [Worker-Main-28/INFO]: Preparing spawn area: 4%
[22:57:55] [Worker-Main-30/INFO]: Preparing spawn area: 69%
[22:57:55] [Server thread/INFO]: Time elapsed: 2120 ms
[22:57:55] [Server thread/INFO]: [TestPlugin] Enabling TestPlugin v0.2
[22:57:55] [Server thread/INFO]: ----- Nate's first Minecraft mod has booted! :D -----
[22:57:55] [Server thread/INFO]: N: Attempting to establish COM link...
[22:57:59] [firmata-parser-thread/WARN]: Event handler is not registered for error:{description=Unknown control token has been received. Skipping. 0x3D}. The event is ignored.
[22:57:59] [firmata-parser-thread/WARN]: Event handler is not registered for error:{description=Unknown control token has been received. Skipping. 0x 1}. The event is ignored.
[22:57:59] [firmata-event-handler-1/WARN]: Current version of firmata protocol on device (2.5) differs from version supported by firmata4j (2.3). Though these are compatible you may experience some issues.
[22:57:59] [Server thread/INFO]: N: COM link success!!!!
[22:57:59] [Server thread/INFO]: Check your Arduino ;)
[22:57:59] [Server thread/INFO]: Server permissions file permissions.yml is empty, ignoring it
[22:57:59] [Server thread/INFO]: Done (16.486s)! For help, type "help"
[23:05:25] [Server thread/INFO]: Stopping the server
[23:05:25] [Server thread/INFO]: Stopping server
[23:05:25] [Server thread/INFO]: [TestPlugin] Disabling TestPlugin v0.2
[23:05:25] [Server thread/INFO]: Nate's first plugin has stopped!
[23:05:25] [Server thread/INFO]: Saving players
[23:05:25] [Server thread/INFO]: Saving worlds
[23:05:27] [Server thread/INFO]: Saving chunks for level 'ServerLevel[world]'/minecraft:overworld
