Using pre-set license
Built from '2020.3/release' branch; Version is '2020.3.15f2 (6cf78cb77498) revision 7141260'; Using compiler version '192528614'; Build Type 'Release'
OS: 'Windows 10 Pro; OS build 22000.376; Version 2009; 64bit' Language: 'en' Physical Memory: 16305 MB
BatchMode: 1, IsHumanControllingUs: 0, StartBugReporterOnCrash: 0, Is64bit: 1, IsPro: 0

 COMMAND LINE ARGUMENTS:
C:\Program Files\Unity\Hub\Editor\2020.3.15f2\Editor\Unity.exe
-adb2
-batchMode
-noUpm
-name
AssetImportWorker0
-projectPath
C:/Users/natha/Documents/GitHub/UWW-NF/MAGD 272-1
-logFile
Logs/AssetImportWorker0.log
-srvPort
49240
Successfully changed project path to: C:/Users/natha/Documents/GitHub/UWW-NF/MAGD 272-1
C:/Users/natha/Documents/GitHub/UWW-NF/MAGD 272-1
Using Asset Import Pipeline V2.
Refreshing native plugins compatible for Editor in 124.18 ms, found 3 plugins.
Preloading 0 native plugins for Editor in 0.00 ms.
Initialize engine version: 2020.3.15f2 (6cf78cb77498)
[Subsystems] Discovering subsystems at path C:/Program Files/Unity/Hub/Editor/2020.3.15f2/Editor/Data/Resources/UnitySubsystems
[Subsystems] Discovering subsystems at path C:/Users/natha/Documents/GitHub/UWW-NF/MAGD 272-1/Assets
GfxDevice: creating device client; threaded=0
Direct3D:
    Version:  Direct3D 11.0 [level 11.1]
    Renderer: NVIDIA GeForce GTX 1070 (ID=0x1b81)
    Vendor:   
    VRAM:     8088 MB
    Driver:   30.0.14.9709
Shader 'Universal Render Pipeline/Particles/Lit': fallback shader 'Universal Render Pipeline/Particles/SimpleLit' not found
Initialize mono
Mono path[0] = 'C:/Program Files/Unity/Hub/Editor/2020.3.15f2/Editor/Data/Managed'
Mono path[1] = 'C:/Program Files/Unity/Hub/Editor/2020.3.15f2/Editor/Data/MonoBleedingEdge/lib/mono/unityjit'
Mono config path = 'C:/Program Files/Unity/Hub/Editor/2020.3.15f2/Editor/Data/MonoBleedingEdge/etc'
Using monoOptions --debugger-agent=transport=dt_socket,embedding=1,server=y,suspend=n,address=127.0.0.1:56380
Begin MonoManager ReloadAssembly
Registering precompiled unity dll's ...
Register platform support module: C:/Program Files/Unity/Hub/Editor/2020.3.15f2/Editor/Data/PlaybackEngines/WebGLSupport/UnityEditor.WebGL.Extensions.dll
Register platform support module: C:/Program Files/Unity/Hub/Editor/2020.3.15f2/Editor/Data/PlaybackEngines/MacStandaloneSupport/UnityEditor.OSXStandalone.Extensions.dll
Register platform support module: C:/Program Files/Unity/Hub/Editor/2020.3.15f2/Editor/Data/PlaybackEngines/WindowsStandaloneSupport/UnityEditor.WindowsStandalone.Extensions.dll
Registered in 0.003158 seconds.
Native extension for WindowsStandalone target not found
Native extension for OSXStandalone target not found
Native extension for WebGL target not found
Refreshing native plugins compatible for Editor in 131.09 ms, found 3 plugins.
Preloading 0 native plugins for Editor in 0.00 ms.
Mono: successfully reloaded assembly
- Completed reload, in  1.744 seconds
Domain Reload Profiling:
	ReloadAssembly (1745ms)
		BeginReloadAssembly (63ms)
			ExecutionOrderSort (0ms)
			DisableScriptedObjects (0ms)
			BackupInstance (0ms)
			ReleaseScriptingObjects (0ms)
			CreateAndSetChildDomain (1ms)
		EndReloadAssembly (603ms)
			LoadAssemblies (61ms)
			RebuildTransferFunctionScriptingTraits (0ms)
			SetupTypeCache (189ms)
			ReleaseScriptCaches (0ms)
			RebuildScriptCaches (35ms)
			SetupLoadedEditorAssemblies (289ms)
				LogAssemblyErrors (0ms)
				InitializePlatformSupportModulesInManaged (7ms)
				SetLoadedEditorAssemblies (0ms)
				RefreshPlugins (131ms)
				BeforeProcessingInitializeOnLoad (18ms)
				ProcessInitializeOnLoadAttributes (99ms)
				ProcessInitializeOnLoadMethodAttributes (34ms)
				AfterProcessingInitializeOnLoad (0ms)
				EditorAssembliesLoaded (0ms)
			ExecutionOrderSort2 (0ms)
			AwakeInstancesAfterBackupRestoration (0ms)
Platform modules already initialized, skipping
Registering precompiled user dll's ...
Registered in 0.006835 seconds.
Begin MonoManager ReloadAssembly
Native extension for WindowsStandalone target not found
Native extension for OSXStandalone target not found
Native extension for WebGL target not found
Refreshing native plugins compatible for Editor in 129.09 ms, found 3 plugins.
Preloading 0 native plugins for Editor in 0.00 ms.
Mono: successfully reloaded assembly
- Completed reload, in  1.793 seconds
Domain Reload Profiling:
	ReloadAssembly (1794ms)
		BeginReloadAssembly (173ms)
			ExecutionOrderSort (0ms)
			DisableScriptedObjects (6ms)
			BackupInstance (0ms)
			ReleaseScriptingObjects (0ms)
			CreateAndSetChildDomain (20ms)
		EndReloadAssembly (1541ms)
			LoadAssemblies (115ms)
			RebuildTransferFunctionScriptingTraits (0ms)
			SetupTypeCache (424ms)
			ReleaseScriptCaches (1ms)
			RebuildScriptCaches (74ms)
			SetupLoadedEditorAssemblies (763ms)
				LogAssemblyErrors (0ms)
				InitializePlatformSupportModulesInManaged (7ms)
				SetLoadedEditorAssemblies (0ms)
				RefreshPlugins (129ms)
				BeforeProcessingInitializeOnLoad (173ms)
				ProcessInitializeOnLoadAttributes (428ms)
				ProcessInitializeOnLoadMethodAttributes (17ms)
				AfterProcessingInitializeOnLoad (8ms)
				EditorAssembliesLoaded (0ms)
			ExecutionOrderSort2 (0ms)
			AwakeInstancesAfterBackupRestoration (9ms)
Platform modules already initialized, skipping
========================================================================
Worker process is ready to serve import requests
Shader 'Universal Render Pipeline/Particles/Lit': fallback shader 'Universal Render Pipeline/Particles/SimpleLit' not found
Launched and connected shader compiler UnityShaderCompiler.exe after 0.08 seconds
Refreshing native plugins compatible for Editor in 1.13 ms, found 3 plugins.
Preloading 0 native plugins for Editor in 0.00 ms.
Unloading 3542 Unused Serialized files (Serialized files now loaded: 0)
System memory in use before: 158.0 MB.
System memory in use after: 158.2 MB.

Unloading 30 unused Assets to reduce memory usage. Loaded Objects now: 3979.
Total: 4.195800 ms (FindLiveObjects: 0.370100 ms CreateObjectMapping: 0.104900 ms MarkObjects: 3.607900 ms  DeleteObjects: 0.111300 ms)

AssetImportParameters requested are different than current active one (requested -> active):
  custom:framework-win-MediaFoundation: 216162199b28c13a410421893ffa2e32 -> 
  custom:video-decoder-ogg-theora: a1e56fd34408186e4bbccfd4996cb3dc -> 
  custom:container-muxer-webm: aa71ff27fc2769a1b78a27578f13a17b -> 
  custom:container-demuxer-webm: 4f35f7cbe854078d1ac9338744f61a02 -> 
  custom:container-demuxer-ogg: 62fdf1f143b41e24485cea50d1cbac27 -> 
  custom:video-encoder-webm-vp8: eb34c28f22e8b96e1ab97ce403110664 -> 
  custom:video-codec-MediaFoundation-h265: 746d11721c4dcdbdad8f713fa42b33f4 -> 
  custom:video-decoder-webm-vp8: 9c59270c3fd7afecdb556c50c9e8de78 -> 
  custom:audio-decoder-ogg-vorbis: bf7c407c2cedff20999df2af8eb42d56 -> 
  custom:audio-encoder-webm-vorbis: bf7c407c2cedff20999df2af8eb42d56 -> 
========================================================================
Received Import Request.
  path: Assets/AudioClips/spacemanadventure.wav
  artifactKey: Guid(edba9227cd6896343b963680a4b03e4c) Importer(815301076,1909f56bfc062723c751e8b465ee728b)
Start importing Assets/AudioClips/spacemanadventure.wav using Guid(edba9227cd6896343b963680a4b03e4c) Importer(815301076,1909f56bfc062723c751e8b465ee728b)  -> (artifact id: 'a0d5b4ab29c7dfad9334c9382c99e3b3') in 0.140593 seconds 
  Import took 0.147171 seconds .

========================================================================
Received Import Request.
  Time since last request: 0.000219 seconds.
  path: Assets/AudioClips/belowfreezing.wav
  artifactKey: Guid(688265aaf7b453e46b9b07d3fb4222c9) Importer(815301076,1909f56bfc062723c751e8b465ee728b)
Start importing Assets/AudioClips/belowfreezing.wav using Guid(688265aaf7b453e46b9b07d3fb4222c9) Importer(815301076,1909f56bfc062723c751e8b465ee728b)  -> (artifact id: '8e7b35602059468a32a132fb593478fc') in 0.021034 seconds 
  Import took 0.028491 seconds .

========================================================================
Received Import Request.
  Time since last request: 0.000309 seconds.
  path: Assets/AudioClips/explosion2.mp3
  artifactKey: Guid(1a007bdad52eb444fa8510a761203915) Importer(815301076,1909f56bfc062723c751e8b465ee728b)
Start importing Assets/AudioClips/explosion2.mp3 using Guid(1a007bdad52eb444fa8510a761203915) Importer(815301076,1909f56bfc062723c751e8b465ee728b)  -> (artifact id: '8095061e38864a47c7d220e24d18b57e') in 0.030922 seconds 
  Import took 0.038347 seconds .

========================================================================
Received Import Request.
  Time since last request: 0.000234 seconds.
  path: Assets/AudioClips/EmptySpace.wav
  artifactKey: Guid(917177515f4ee8b4caa732f314d80e41) Importer(815301076,1909f56bfc062723c751e8b465ee728b)
Start importing Assets/AudioClips/EmptySpace.wav using Guid(917177515f4ee8b4caa732f314d80e41) Importer(815301076,1909f56bfc062723c751e8b465ee728b)  -> (artifact id: 'b6e5acb0880e5ed88c787be2a882766a') in 0.029048 seconds 
  Import took 0.037237 seconds .

========================================================================
Received Import Request.
  Time since last request: 0.000281 seconds.
  path: Assets/AudioClips/explosion.mp3
  artifactKey: Guid(bbe3543346ee045e48df2fb3cbd60ed8) Importer(815301076,1909f56bfc062723c751e8b465ee728b)
Start importing Assets/AudioClips/explosion.mp3 using Guid(bbe3543346ee045e48df2fb3cbd60ed8) Importer(815301076,1909f56bfc062723c751e8b465ee728b)  -> (artifact id: '7dcf77bd66eaaaa3f4b6d95cbe3fd04b') in 0.018685 seconds 
  Import took 0.029194 seconds .

========================================================================
Received Import Request.
  Time since last request: 0.011591 seconds.
  path: Assets/AudioClips/explosion.mp3
  artifactKey: Guid(bbe3543346ee045e48df2fb3cbd60ed8) Importer(815301076,1909f56bfc062723c751e8b465ee728b)
Start importing Assets/AudioClips/explosion.mp3 using Guid(bbe3543346ee045e48df2fb3cbd60ed8) Importer(815301076,1909f56bfc062723c751e8b465ee728b)  -> (artifact id: '7dcf77bd66eaaaa3f4b6d95cbe3fd04b') in 0.010569 seconds 
  Import took 0.017904 seconds .

AssetImportWorkerClient::OnTransportError - code=2 error=End of file
